<?xml version="1.0" encoding="UTF-8"?>
<coverage generated="1787583649226" clover="3.2.0">
  <project timestamp="1787583649226" name="All files">
    <metrics statements="9" coveredstatements="9" conditionals="16" coveredconditionals="15" methods="1" coveredmethods="1" elements="26" coveredelements="25" complexity="0" loc="9" ncloc="9" packages="1" files="1" classes="1"/>
    <file name="validadorDesconto.js" path="/workspaces/teste_aula_lab/lab-testes-jest/validadorDesconto.js">
      <metrics statements="9" coveredstatements="9" conditionals="16" coveredconditionals="15" methods="1" coveredmethods="1"/>
      <line num="2" count="9" type="cond" truecount="4" falsecount="0"/>
      <line num="3" count="2" type="stmt"/>
      <line num="6" count="7" type="cond" truecount="4" falsecount="0"/>
      <line num="7" count="3" type="stmt"/>
      <line num="10" count="4" type="cond" truecount="4" falsecount="0"/>
      <line num="11" count="2" type="stmt"/>
      <line num="14" count="2" type="cond" truecount="3" falsecount="1"/>
      <line num="15" count="2" type="stmt"/>
      <line num="19" count="1" type="stmt"/>
    </file>
  </project>
</coverage>
